<?xml version="1.0" encoding="UTF-8"?>
<!-- Generated by org.testng.reporters.JUnitReportReporter -->
<testsuite hostname="LAPTOP-URC0MPI4" failures="0" tests="3" name="com.ecom.testCases.TestCases2" time="46.467" errors="0" timestamp="2023-10-07T19:29:29 IST" skipped="0">
  <testcase classname="com.ecom.testCases.TestCases2" name="testDay6TestCase6" time="14.840"/>
  <system-out/>
  <testcase classname="com.ecom.testCases.TestCases2" name="testDay5TestCase5" time="16.323"/>
  <system-out/>
  <testcase classname="com.ecom.testCases.TestCases2" name="test7" time="15.304"/>
  <system-out/>
</testsuite> <!-- com.ecom.testCases.TestCases2 -->
