<?xml version="1.0" encoding="UTF-8"?>
<!-- Generated by org.testng.reporters.JUnitReportReporter -->
<testsuite hostname="LAPTOP-URC0MPI4" failures="0" tests="3" name="com.ecom.testCases.TestCase1" time="14.866" errors="0" timestamp="2023-09-22T22:22:54 IST" skipped="0">
  <testcase classname="com.ecom.testCases.TestCase1" name="testDay2TestCase2" time="1.944"/>
  <system-out/>
  <testcase classname="com.ecom.testCases.TestCase1" name="testDay3TestCase3" time="11.086"/>
  <system-out/>
  <testcase classname="com.ecom.testCases.TestCase1" name="testDay1TestCase1" time="1.836"/>
  <system-out/>
</testsuite> <!-- com.ecom.testCases.TestCase1 -->
