<?xml version="1.0" encoding="UTF-8"?>
<!-- Generated by org.testng.reporters.JUnitReportReporter -->
<testsuite hostname="LAPTOP-URC0MPI4" failures="0" tests="4" name="com.ecom.testCases.TestCases2" time="61.704" errors="0" timestamp="2023-12-01T15:03:52 IST" skipped="0">
  <testcase classname="com.ecom.testCases.TestCases2" name="testDay6TestCase6" time="15.127"/>
  <system-out/>
  <testcase classname="com.ecom.testCases.TestCases2" name="testDay5TestCase5" time="15.704"/>
  <system-out/>
  <testcase classname="com.ecom.testCases.TestCases2" name="test7" time="15.298"/>
  <system-out/>
  <testcase classname="com.ecom.testCases.TestCases2" name="test7" time="15.575"/>
  <system-out/>
</testsuite> <!-- com.ecom.testCases.TestCases2 -->
