<?xml version="1.0" encoding="UTF-8"?>
<!-- Generated by org.testng.reporters.JUnitReportReporter -->
<testsuite hostname="LAPTOP-URC0MPI4" failures="0" tests="5" name="com.ecom.testCases.TestCases2" time="132.785" errors="0" timestamp="2023-11-13T18:50:30 IST" skipped="0">
  <testcase classname="com.ecom.testCases.TestCases2" name="test7" time="62.757"/>
  <system-out/>
  <testcase classname="com.ecom.testCases.TestCases2" name="test7" time="17.866"/>
  <system-out/>
  <testcase classname="com.ecom.testCases.TestCases2" name="test7" time="16.820"/>
  <system-out/>
  <testcase classname="com.ecom.testCases.TestCases2" name="testDay6TestCase6" time="16.955"/>
  <system-out/>
  <testcase classname="com.ecom.testCases.TestCases2" name="testDay5TestCase5" time="18.387"/>
  <system-out/>
</testsuite> <!-- com.ecom.testCases.TestCases2 -->
