<?xml version="1.0" encoding="UTF-8"?>
<!-- Generated by org.testng.reporters.JUnitReportReporter -->
<testsuite hostname="LAPTOP-URC0MPI4" failures="0" tests="4" name="com.ecom.testCases.TestCase1" time="37.399" errors="0" timestamp="2023-10-07T19:29:29 IST" skipped="0">
  <testcase classname="com.ecom.testCases.TestCase1" name="testDay4TestCase4" time="9.296"/>
  <system-out/>
  <testcase classname="com.ecom.testCases.TestCase1" name="testDay3TestCase3" time="14.692"/>
  <system-out/>
  <testcase classname="com.ecom.testCases.TestCase1" name="testDay2TestCase2" time="6.023"/>
  <system-out/>
  <testcase classname="com.ecom.testCases.TestCase1" name="testDay1TestCase1" time="7.388"/>
  <system-out/>
</testsuite> <!-- com.ecom.testCases.TestCase1 -->
