<?xml version="1.0" encoding="UTF-8"?>
<!-- Generated by org.testng.reporters.JUnitReportReporter -->
<testsuite hostname="LAPTOP-URC0MPI4" failures="0" tests="7" name="com.ecom.testCases.TestCase1" time="67.683" errors="0" timestamp="2023-12-01T15:03:52 IST" skipped="0">
  <testcase classname="com.ecom.testCases.TestCase1" name="testDay2TestCase2" time="6.781"/>
  <system-out/>
  <testcase classname="com.ecom.testCases.TestCase1" name="testDay2TestCase2" time="5.514"/>
  <system-out/>
  <testcase classname="com.ecom.testCases.TestCase1" name="testDay1TestCase1" time="6.048"/>
  <system-out/>
  <testcase classname="com.ecom.testCases.TestCase1" name="testDay4TestCase4" time="9.465"/>
  <system-out/>
  <testcase classname="com.ecom.testCases.TestCase1" name="testDay4TestCase4" time="9.310"/>
  <system-out/>
  <testcase classname="com.ecom.testCases.TestCase1" name="testDay3TestCase3" time="16.140"/>
  <system-out/>
  <testcase classname="com.ecom.testCases.TestCase1" name="testDay3TestCase3" time="14.425"/>
  <system-out/>
</testsuite> <!-- com.ecom.testCases.TestCase1 -->
