<?xml version="1.0" encoding="UTF-8"?>
<!-- Generated by org.testng.reporters.JUnitReportReporter -->
<testsuite hostname="LAPTOP-URC0MPI4" failures="0" tests="7" name="com.ecom.testCases.TestCase1" time="120.514" errors="0" timestamp="2023-11-13T18:50:30 IST" skipped="0">
  <testcase classname="com.ecom.testCases.TestCase1" name="testDay4TestCase4" time="60.481"/>
  <system-out/>
  <testcase classname="com.ecom.testCases.TestCase1" name="testDay3TestCase3" time="15.375"/>
  <system-out/>
  <testcase classname="com.ecom.testCases.TestCase1" name="testDay2TestCase2" time="6.136"/>
  <system-out/>
  <testcase classname="com.ecom.testCases.TestCase1" name="testDay1TestCase1" time="7.313"/>
  <system-out/>
  <testcase classname="com.ecom.testCases.TestCase1" name="testDay2TestCase2" time="6.137"/>
  <system-out/>
  <testcase classname="com.ecom.testCases.TestCase1" name="testDay3TestCase3" time="14.638"/>
  <system-out/>
  <testcase classname="com.ecom.testCases.TestCase1" name="testDay4TestCase4" time="10.434"/>
  <system-out/>
</testsuite> <!-- com.ecom.testCases.TestCase1 -->
